<?xml version="1.0" encoding="UTF-8"?>
<coverage generated="1640934967300" clover="3.2.0">
  <project timestamp="1640934967300" name="All files">
    <metrics statements="88" coveredstatements="88" conditionals="21" coveredconditionals="21" methods="17" coveredmethods="17" elements="126" coveredelements="126" complexity="0" loc="88" ncloc="88" packages="2" files="3" classes="3"/>
    <package name="phone-book">
      <metrics statements="54" coveredstatements="54" conditionals="14" coveredconditionals="14" methods="10" coveredmethods="10"/>
      <file name="index.js" path="C:\Users\USER\Desktop\phone-book\index.js">
        <metrics statements="54" coveredstatements="54" conditionals="14" coveredconditionals="14" methods="10" coveredmethods="10"/>
        <line num="1" count="1" type="stmt"/>
        <line num="2" count="1" type="stmt"/>
        <line num="4" count="1" type="stmt"/>
        <line num="8" count="18" type="stmt"/>
        <line num="9" count="18" type="stmt"/>
        <line num="14" count="38" type="stmt"/>
        <line num="15" count="38" type="stmt"/>
        <line num="16" count="38" type="stmt"/>
        <line num="17" count="38" type="stmt"/>
        <line num="22" count="2" type="stmt"/>
        <line num="23" count="2" type="stmt"/>
        <line num="27" count="2" type="cond" truecount="2" falsecount="0"/>
        <line num="28" count="1" type="stmt"/>
        <line num="30" count="1" type="stmt"/>
        <line num="32" count="1" type="stmt"/>
        <line num="33" count="1" type="stmt"/>
        <line num="36" count="1" type="stmt"/>
        <line num="39" count="2" type="stmt"/>
        <line num="45" count="4" type="cond" truecount="2" falsecount="0"/>
        <line num="47" count="3" type="stmt"/>
        <line num="48" count="3" type="cond" truecount="2" falsecount="0"/>
        <line num="50" count="1" type="stmt"/>
        <line num="51" count="1" type="stmt"/>
        <line num="55" count="12" type="cond" truecount="2" falsecount="0"/>
        <line num="56" count="2" type="stmt"/>
        <line num="58" count="10" type="stmt"/>
        <line num="59" count="10" type="stmt"/>
        <line num="61" count="10" type="stmt"/>
        <line num="62" count="20" type="cond" truecount="2" falsecount="0"/>
        <line num="63" count="4" type="stmt"/>
        <line num="64" count="4" type="stmt"/>
        <line num="66" count="16" type="stmt"/>
        <line num="67" count="16" type="stmt"/>
        <line num="70" count="6" type="stmt"/>
        <line num="75" count="2" type="stmt"/>
        <line num="76" count="2" type="stmt"/>
        <line num="80" count="4" type="cond" truecount="2" falsecount="0"/>
        <line num="82" count="3" type="stmt"/>
        <line num="83" count="3" type="cond" truecount="2" falsecount="0"/>
        <line num="85" count="1" type="stmt"/>
        <line num="86" count="1" type="stmt"/>
        <line num="90" count="1" type="stmt"/>
        <line num="91" count="1" type="stmt"/>
        <line num="95" count="1" type="stmt"/>
        <line num="97" count="1" type="stmt"/>
        <line num="98" count="2" type="stmt"/>
        <line num="99" count="2" type="stmt"/>
        <line num="101" count="1" type="stmt"/>
        <line num="137" count="1" type="stmt"/>
        <line num="138" count="17" type="stmt"/>
        <line num="139" count="17" type="stmt"/>
        <line num="140" count="35" type="stmt"/>
        <line num="142" count="17" type="stmt"/>
        <line num="145" count="1" type="stmt"/>
      </file>
    </package>
    <package name="phone-book.model">
      <metrics statements="34" coveredstatements="34" conditionals="7" coveredconditionals="7" methods="7" coveredmethods="7"/>
      <file name="phone.number.js" path="C:\Users\USER\Desktop\phone-book\model\phone.number.js">
        <metrics statements="3" coveredstatements="3" conditionals="1" coveredconditionals="1" methods="1" coveredmethods="1"/>
        <line num="3" count="41" type="stmt"/>
        <line num="4" count="41" type="stmt"/>
        <line num="8" count="1" type="stmt"/>
      </file>
      <file name="trie.js" path="C:\Users\USER\Desktop\phone-book\model\trie.js">
        <metrics statements="31" coveredstatements="31" conditionals="6" coveredconditionals="6" methods="6" coveredmethods="6"/>
        <line num="3" count="20" type="stmt"/>
        <line num="4" count="20" type="stmt"/>
        <line num="10" count="6" type="stmt"/>
        <line num="14" count="45" type="stmt"/>
        <line num="15" count="45" type="stmt"/>
        <line num="16" count="90" type="stmt"/>
        <line num="17" count="90" type="cond" truecount="2" falsecount="0"/>
        <line num="18" count="14" type="stmt"/>
        <line num="21" count="90" type="stmt"/>
        <line num="24" count="45" type="stmt"/>
        <line num="25" count="45" type="stmt"/>
        <line num="29" count="2" type="stmt"/>
        <line num="31" count="2" type="stmt"/>
        <line num="32" count="3" type="stmt"/>
        <line num="33" count="3" type="cond" truecount="2" falsecount="0"/>
        <line num="34" count="1" type="stmt"/>
        <line num="37" count="2" type="stmt"/>
        <line num="40" count="1" type="stmt"/>
        <line num="44" count="2" type="stmt"/>
        <line num="46" count="2" type="stmt"/>
        <line num="47" count="2" type="stmt"/>
        <line num="48" count="2" type="cond" truecount="2" falsecount="0"/>
        <line num="49" count="1" type="stmt"/>
        <line num="52" count="1" type="stmt"/>
        <line num="55" count="1" type="stmt"/>
        <line num="59" count="1" type="stmt"/>
        <line num="60" count="4" type="stmt"/>
        <line num="61" count="4" type="stmt"/>
        <line num="62" count="4" type="stmt"/>
        <line num="64" count="4" type="stmt"/>
        <line num="67" count="1" type="stmt"/>
      </file>
    </package>
  </project>
</coverage>
