{"C:\\Users\\USER\\Desktop\\phone-book\\index.js": {"path":"C:\\Users\\USER\\Desktop\\phone-book\\index.js","statementMap":{"0":{"start":{"line":1,"column":20},"end":{"line":1,"column":51}},"1":{"start":{"line":2,"column":13},"end":{"line":2,"column":36}},"2":{"start":{"line":4,"column":15},"end":{"line":4,"column":25}},"3":{"start":{"line":8,"column":4},"end":{"line":8,"column":21}},"4":{"start":{"line":9,"column":4},"end":{"line":9,"column":18}},"5":{"start":{"line":14,"column":20},"end":{"line":14,"column":52}},"6":{"start":{"line":15,"column":4},"end":{"line":15,"column":34}},"7":{"start":{"line":16,"column":4},"end":{"line":16,"column":24}},"8":{"start":{"line":17,"column":4},"end":{"line":17,"column":16}},"9":{"start":{"line":22,"column":15},"end":{"line":22,"column":36}},"10":{"start":{"line":23,"column":4},"end":{"line":23,"column":34}},"11":{"start":{"line":27,"column":4},"end":{"line":37,"column":5}},"12":{"start":{"line":28,"column":6},"end":{"line":28,"column":23}},"13":{"start":{"line":30,"column":6},"end":{"line":30,"column":26}},"14":{"start":{"line":32,"column":6},"end":{"line":34,"column":7}},"15":{"start":{"line":33,"column":8},"end":{"line":33,"column":31}},"16":{"start":{"line":36,"column":6},"end":{"line":36,"column":26}},"17":{"start":{"line":39,"column":4},"end":{"line":39,"column":16}},"18":{"start":{"line":45,"column":4},"end":{"line":45,"column":48}},"19":{"start":{"line":45,"column":21},"end":{"line":45,"column":48}},"20":{"start":{"line":47,"column":17},"end":{"line":47,"column":39}},"21":{"start":{"line":48,"column":4},"end":{"line":48,"column":34}},"22":{"start":{"line":48,"column":22},"end":{"line":48,"column":34}},"23":{"start":{"line":50,"column":4},"end":{"line":50,"column":49}},"24":{"start":{"line":51,"column":4},"end":{"line":51,"column":16}},"25":{"start":{"line":55,"column":4},"end":{"line":57,"column":5}},"26":{"start":{"line":56,"column":6},"end":{"line":56,"column":23}},"27":{"start":{"line":58,"column":18},"end":{"line":58,"column":27}},"28":{"start":{"line":59,"column":16},"end":{"line":59,"column":17}},"29":{"start":{"line":61,"column":4},"end":{"line":68,"column":5}},"30":{"start":{"line":62,"column":6},"end":{"line":65,"column":7}},"31":{"start":{"line":63,"column":8},"end":{"line":63,"column":35}},"32":{"start":{"line":64,"column":8},"end":{"line":64,"column":23}},"33":{"start":{"line":66,"column":6},"end":{"line":66,"column":14}},"34":{"start":{"line":67,"column":6},"end":{"line":67,"column":29}},"35":{"start":{"line":70,"column":4},"end":{"line":70,"column":16}},"36":{"start":{"line":75,"column":4},"end":{"line":75,"column":31}},"37":{"start":{"line":76,"column":4},"end":{"line":76,"column":16}},"38":{"start":{"line":80,"column":4},"end":{"line":80,"column":46}},"39":{"start":{"line":80,"column":21},"end":{"line":80,"column":46}},"40":{"start":{"line":82,"column":17},"end":{"line":82,"column":39}},"41":{"start":{"line":83,"column":4},"end":{"line":83,"column":34}},"42":{"start":{"line":83,"column":22},"end":{"line":83,"column":34}},"43":{"start":{"line":85,"column":4},"end":{"line":85,"column":31}},"44":{"start":{"line":86,"column":4},"end":{"line":86,"column":16}},"45":{"start":{"line":90,"column":4},"end":{"line":90,"column":21}},"46":{"start":{"line":91,"column":4},"end":{"line":91,"column":18}},"47":{"start":{"line":95,"column":18},"end":{"line":95,"column":27}},"48":{"start":{"line":97,"column":4},"end":{"line":100,"column":5}},"49":{"start":{"line":98,"column":6},"end":{"line":98,"column":36}},"50":{"start":{"line":99,"column":6},"end":{"line":99,"column":29}},"51":{"start":{"line":101,"column":4},"end":{"line":101,"column":11}},"52":{"start":{"line":137,"column":0},"end":{"line":143,"column":2}},"53":{"start":{"line":138,"column":13},"end":{"line":138,"column":28}},"54":{"start":{"line":139,"column":2},"end":{"line":141,"column":3}},"55":{"start":{"line":139,"column":15},"end":{"line":139,"column":32}},"56":{"start":{"line":140,"column":4},"end":{"line":140,"column":27}},"57":{"start":{"line":142,"column":2},"end":{"line":142,"column":12}},"58":{"start":{"line":145,"column":0},"end":{"line":145,"column":27}}},"fnMap":{"0":{"name":"(anonymous_0)","decl":{"start":{"line":7,"column":2},"end":{"line":7,"column":3}},"loc":{"start":{"line":7,"column":16},"end":{"line":10,"column":3}},"line":7},"1":{"name":"(anonymous_1)","decl":{"start":{"line":13,"column":2},"end":{"line":13,"column":3}},"loc":{"start":{"line":13,"column":17},"end":{"line":18,"column":3}},"line":13},"2":{"name":"(anonymous_2)","decl":{"start":{"line":21,"column":2},"end":{"line":21,"column":3}},"loc":{"start":{"line":21,"column":16},"end":{"line":40,"column":3}},"line":21},"3":{"name":"(anonymous_3)","decl":{"start":{"line":43,"column":2},"end":{"line":43,"column":3}},"loc":{"start":{"line":43,"column":21},"end":{"line":52,"column":3}},"line":43},"4":{"name":"(anonymous_4)","decl":{"start":{"line":54,"column":2},"end":{"line":54,"column":3}},"loc":{"start":{"line":54,"column":16},"end":{"line":71,"column":3}},"line":54},"5":{"name":"(anonymous_5)","decl":{"start":{"line":74,"column":2},"end":{"line":74,"column":3}},"loc":{"start":{"line":74,"column":15},"end":{"line":77,"column":3}},"line":74},"6":{"name":"(anonymous_6)","decl":{"start":{"line":79,"column":2},"end":{"line":79,"column":3}},"loc":{"start":{"line":79,"column":18},"end":{"line":87,"column":3}},"line":79},"7":{"name":"(anonymous_7)","decl":{"start":{"line":89,"column":2},"end":{"line":89,"column":3}},"loc":{"start":{"line":89,"column":15},"end":{"line":92,"column":3}},"line":89},"8":{"name":"(anonymous_8)","decl":{"start":{"line":94,"column":2},"end":{"line":94,"column":3}},"loc":{"start":{"line":94,"column":19},"end":{"line":102,"column":3}},"line":94},"9":{"name":"(anonymous_9)","decl":{"start":{"line":137,"column":23},"end":{"line":137,"column":24}},"loc":{"start":{"line":137,"column":44},"end":{"line":143,"column":1}},"line":137}},"branchMap":{"0":{"loc":{"start":{"line":27,"column":4},"end":{"line":37,"column":5}},"type":"if","locations":[{"start":{"line":27,"column":4},"end":{"line":37,"column":5}},{"start":{"line":29,"column":11},"end":{"line":37,"column":5}}],"line":27},"1":{"loc":{"start":{"line":45,"column":4},"end":{"line":45,"column":48}},"type":"if","locations":[{"start":{"line":45,"column":4},"end":{"line":45,"column":48}},{"start":{},"end":{}}],"line":45},"2":{"loc":{"start":{"line":48,"column":4},"end":{"line":48,"column":34}},"type":"if","locations":[{"start":{"line":48,"column":4},"end":{"line":48,"column":34}},{"start":{},"end":{}}],"line":48},"3":{"loc":{"start":{"line":55,"column":4},"end":{"line":57,"column":5}},"type":"if","locations":[{"start":{"line":55,"column":4},"end":{"line":57,"column":5}},{"start":{},"end":{}}],"line":55},"4":{"loc":{"start":{"line":62,"column":6},"end":{"line":65,"column":7}},"type":"if","locations":[{"start":{"line":62,"column":6},"end":{"line":65,"column":7}},{"start":{},"end":{}}],"line":62},"5":{"loc":{"start":{"line":80,"column":4},"end":{"line":80,"column":46}},"type":"if","locations":[{"start":{"line":80,"column":4},"end":{"line":80,"column":46}},{"start":{},"end":{}}],"line":80},"6":{"loc":{"start":{"line":83,"column":4},"end":{"line":83,"column":34}},"type":"if","locations":[{"start":{"line":83,"column":4},"end":{"line":83,"column":34}},{"start":{},"end":{}}],"line":83}},"s":{"0":1,"1":1,"2":1,"3":18,"4":18,"5":38,"6":38,"7":38,"8":38,"9":2,"10":2,"11":2,"12":1,"13":1,"14":1,"15":1,"16":1,"17":2,"18":4,"19":1,"20":3,"21":3,"22":2,"23":1,"24":1,"25":12,"26":2,"27":10,"28":10,"29":10,"30":20,"31":4,"32":4,"33":16,"34":16,"35":6,"36":2,"37":2,"38":4,"39":1,"40":3,"41":3,"42":2,"43":1,"44":1,"45":1,"46":1,"47":1,"48":1,"49":2,"50":2,"51":1,"52":1,"53":17,"54":17,"55":17,"56":35,"57":17,"58":1},"f":{"0":18,"1":38,"2":2,"3":4,"4":12,"5":2,"6":4,"7":1,"8":1,"9":17},"b":{"0":[1,1],"1":[1,3],"2":[2,1],"3":[2,10],"4":[4,16],"5":[1,3],"6":[2,1]},"_coverageSchema":"1a1c01bbd47fc00a2c39e90264f33305004495a9","hash":"5d06bf18d365e97c97f1cde37bde1f68c3f91a35"}
,"C:\\Users\\USER\\Desktop\\phone-book\\model\\phone.number.js": {"path":"C:\\Users\\USER\\Desktop\\phone-book\\model\\phone.number.js","statementMap":{"0":{"start":{"line":3,"column":4},"end":{"line":3,"column":21}},"1":{"start":{"line":4,"column":4},"end":{"line":4,"column":21}},"2":{"start":{"line":8,"column":0},"end":{"line":8,"column":29}}},"fnMap":{"0":{"name":"(anonymous_0)","decl":{"start":{"line":2,"column":2},"end":{"line":2,"column":3}},"loc":{"start":{"line":2,"column":33},"end":{"line":5,"column":3}},"line":2}},"branchMap":{"0":{"loc":{"start":{"line":2,"column":20},"end":{"line":2,"column":31}},"type":"default-arg","locations":[{"start":{"line":2,"column":27},"end":{"line":2,"column":31}}],"line":2}},"s":{"0":41,"1":41,"2":1},"f":{"0":41},"b":{"0":[2]},"_coverageSchema":"1a1c01bbd47fc00a2c39e90264f33305004495a9","hash":"bfa489196c907ea65d9fb26cfdf1dbcf04d5acfb"}
,"C:\\Users\\USER\\Desktop\\phone-book\\model\\trie.js": {"path":"C:\\Users\\USER\\Desktop\\phone-book\\model\\trie.js","statementMap":{"0":{"start":{"line":3,"column":4},"end":{"line":3,"column":23}},"1":{"start":{"line":4,"column":4},"end":{"line":4,"column":27}},"2":{"start":{"line":10,"column":4},"end":{"line":10,"column":27}},"3":{"start":{"line":14,"column":18},"end":{"line":14,"column":27}},"4":{"start":{"line":15,"column":4},"end":{"line":22,"column":5}},"5":{"start":{"line":15,"column":17},"end":{"line":15,"column":18}},"6":{"start":{"line":16,"column":25},"end":{"line":16,"column":32}},"7":{"start":{"line":17,"column":6},"end":{"line":19,"column":7}},"8":{"start":{"line":18,"column":8},"end":{"line":18,"column":52}},"9":{"start":{"line":21,"column":6},"end":{"line":21,"column":47}},"10":{"start":{"line":24,"column":4},"end":{"line":24,"column":29}},"11":{"start":{"line":25,"column":4},"end":{"line":25,"column":19}},"12":{"start":{"line":29,"column":18},"end":{"line":29,"column":27}},"13":{"start":{"line":31,"column":4},"end":{"line":38,"column":5}},"14":{"start":{"line":31,"column":17},"end":{"line":31,"column":18}},"15":{"start":{"line":32,"column":23},"end":{"line":32,"column":30}},"16":{"start":{"line":33,"column":6},"end":{"line":35,"column":7}},"17":{"start":{"line":34,"column":8},"end":{"line":34,"column":21}},"18":{"start":{"line":37,"column":6},"end":{"line":37,"column":45}},"19":{"start":{"line":40,"column":4},"end":{"line":40,"column":29}},"20":{"start":{"line":44,"column":18},"end":{"line":44,"column":27}},"21":{"start":{"line":46,"column":4},"end":{"line":53,"column":5}},"22":{"start":{"line":46,"column":17},"end":{"line":46,"column":18}},"23":{"start":{"line":47,"column":23},"end":{"line":47,"column":32}},"24":{"start":{"line":48,"column":6},"end":{"line":50,"column":7}},"25":{"start":{"line":49,"column":8},"end":{"line":49,"column":21}},"26":{"start":{"line":52,"column":6},"end":{"line":52,"column":45}},"27":{"start":{"line":55,"column":4},"end":{"line":55,"column":16}},"28":{"start":{"line":59,"column":0},"end":{"line":65,"column":2}},"29":{"start":{"line":60,"column":17},"end":{"line":60,"column":27}},"30":{"start":{"line":61,"column":2},"end":{"line":63,"column":3}},"31":{"start":{"line":61,"column":15},"end":{"line":61,"column":32}},"32":{"start":{"line":62,"column":4},"end":{"line":62,"column":29}},"33":{"start":{"line":64,"column":2},"end":{"line":64,"column":16}},"34":{"start":{"line":67,"column":0},"end":{"line":67,"column":22}}},"fnMap":{"0":{"name":"(anonymous_0)","decl":{"start":{"line":2,"column":2},"end":{"line":2,"column":3}},"loc":{"start":{"line":2,"column":16},"end":{"line":5,"column":3}},"line":2},"1":{"name":"(anonymous_1)","decl":{"start":{"line":9,"column":2},"end":{"line":9,"column":3}},"loc":{"start":{"line":9,"column":16},"end":{"line":11,"column":3}},"line":9},"2":{"name":"(anonymous_2)","decl":{"start":{"line":13,"column":2},"end":{"line":13,"column":3}},"loc":{"start":{"line":13,"column":15},"end":{"line":26,"column":3}},"line":13},"3":{"name":"(anonymous_3)","decl":{"start":{"line":28,"column":2},"end":{"line":28,"column":3}},"loc":{"start":{"line":28,"column":17},"end":{"line":41,"column":3}},"line":28},"4":{"name":"(anonymous_4)","decl":{"start":{"line":43,"column":2},"end":{"line":43,"column":3}},"loc":{"start":{"line":43,"column":26},"end":{"line":56,"column":3}},"line":43},"5":{"name":"(anonymous_5)","decl":{"start":{"line":59,"column":18},"end":{"line":59,"column":19}},"loc":{"start":{"line":59,"column":39},"end":{"line":65,"column":1}},"line":59}},"branchMap":{"0":{"loc":{"start":{"line":17,"column":6},"end":{"line":19,"column":7}},"type":"if","locations":[{"start":{"line":17,"column":6},"end":{"line":19,"column":7}},{"start":{},"end":{}}],"line":17},"1":{"loc":{"start":{"line":33,"column":6},"end":{"line":35,"column":7}},"type":"if","locations":[{"start":{"line":33,"column":6},"end":{"line":35,"column":7}},{"start":{},"end":{}}],"line":33},"2":{"loc":{"start":{"line":48,"column":6},"end":{"line":50,"column":7}},"type":"if","locations":[{"start":{"line":48,"column":6},"end":{"line":50,"column":7}},{"start":{},"end":{}}],"line":48}},"s":{"0":20,"1":20,"2":6,"3":45,"4":45,"5":45,"6":90,"7":90,"8":14,"9":90,"10":45,"11":45,"12":2,"13":2,"14":2,"15":3,"16":3,"17":1,"18":2,"19":1,"20":2,"21":2,"22":2,"23":2,"24":2,"25":1,"26":1,"27":1,"28":1,"29":4,"30":4,"31":4,"32":4,"33":4,"34":1},"f":{"0":20,"1":6,"2":45,"3":2,"4":2,"5":4},"b":{"0":[14,76],"1":[1,2],"2":[1,1]},"_coverageSchema":"1a1c01bbd47fc00a2c39e90264f33305004495a9","hash":"c412a3a2ce04fa69fe1d291a1caa0aa0b5825ebd"}
}
