TN:
SF:index.js
FN:7,(anonymous_0)
FN:13,(anonymous_1)
FN:21,(anonymous_2)
FN:43,(anonymous_3)
FN:54,(anonymous_4)
FN:73,(anonymous_5)
FN:78,(anonymous_6)
FN:88,(anonymous_7)
FN:93,(anonymous_8)
FN:104,(anonymous_9)
FNF:10
FNH:10
FNDA:18,(anonymous_0)
FNDA:38,(anonymous_1)
FNDA:2,(anonymous_2)
FNDA:4,(anonymous_3)
FNDA:12,(anonymous_4)
FNDA:2,(anonymous_5)
FNDA:4,(anonymous_6)
FNDA:1,(anonymous_7)
FNDA:1,(anonymous_8)
FNDA:17,(anonymous_9)
DA:1,1
DA:2,1
DA:4,1
DA:8,18
DA:9,18
DA:14,38
DA:15,38
DA:16,38
DA:17,38
DA:22,2
DA:23,2
DA:27,2
DA:28,1
DA:30,1
DA:32,1
DA:33,1
DA:36,1
DA:39,2
DA:45,4
DA:47,3
DA:48,3
DA:50,1
DA:51,1
DA:55,12
DA:56,2
DA:58,10
DA:59,10
DA:61,10
DA:62,20
DA:63,4
DA:65,16
DA:66,16
DA:69,6
DA:74,2
DA:75,2
DA:79,4
DA:81,3
DA:82,3
DA:84,1
DA:85,1
DA:89,1
DA:90,1
DA:94,1
DA:96,1
DA:97,2
DA:99,1
DA:104,1
DA:105,17
DA:106,17
DA:107,35
DA:109,17
DA:112,1
LF:52
LH:52
BRDA:27,0,0,1
BRDA:27,0,1,1
BRDA:45,1,0,1
BRDA:45,1,1,3
BRDA:48,2,0,2
BRDA:48,2,1,1
BRDA:55,3,0,2
BRDA:55,3,1,10
BRDA:62,4,0,4
BRDA:62,4,1,16
BRDA:79,5,0,1
BRDA:79,5,1,3
BRDA:82,6,0,2
BRDA:82,6,1,1
BRF:14
BRH:14
end_of_record
TN:
SF:model\phone.number.js
FN:2,(anonymous_0)
FNF:1
FNH:1
FNDA:41,(anonymous_0)
DA:3,41
DA:4,41
DA:8,1
LF:3
LH:3
BRDA:2,0,0,2
BRF:1
BRH:1
end_of_record
TN:
SF:model\trie.js
FN:2,(anonymous_0)
FN:9,(anonymous_1)
FN:13,(anonymous_2)
FN:28,(anonymous_3)
FN:43,(anonymous_4)
FN:59,(anonymous_5)
FNF:6
FNH:6
FNDA:20,(anonymous_0)
FNDA:6,(anonymous_1)
FNDA:45,(anonymous_2)
FNDA:2,(anonymous_3)
FNDA:2,(anonymous_4)
FNDA:4,(anonymous_5)
DA:3,20
DA:4,20
DA:10,6
DA:14,45
DA:15,45
DA:16,90
DA:17,90
DA:18,14
DA:21,90
DA:24,45
DA:25,45
DA:29,2
DA:31,2
DA:32,3
DA:33,3
DA:34,1
DA:37,2
DA:40,1
DA:44,2
DA:46,2
DA:47,2
DA:48,2
DA:49,1
DA:52,1
DA:55,1
DA:59,1
DA:60,4
DA:61,4
DA:62,4
DA:64,4
DA:67,1
LF:31
LH:31
BRDA:17,0,0,14
BRDA:17,0,1,76
BRDA:33,1,0,1
BRDA:33,1,1,2
BRDA:48,2,0,1
BRDA:48,2,1,1
BRF:6
BRH:6
end_of_record
